<?xml version="1.0" encoding="utf-8"?><testsuites name="pytest tests"><testsuite name="pytest" errors="0" failures="0" skipped="0" tests="12" time="5.432" timestamp="2026-04-06T06:53:19.956124+00:00" hostname="agent-env-4538c462-2af7-4f9f-897b-6d1a1cbcd1b4"><testcase classname="backend.tests.test_chatting_via.TestChattingViaFeature" name="test_get_leads_returns_chatting_via_field" time="0.486" /><testcase classname="backend.tests.test_chatting_via.TestChattingViaFeature" name="test_filter_leads_by_chatting_via_5235" time="0.401" /><testcase classname="backend.tests.test_chatting_via.TestChattingViaFeature" name="test_filter_leads_by_chatting_via_5533" time="0.392" /><testcase classname="backend.tests.test_chatting_via.TestChattingViaFeature" name="test_filter_leads_by_chatting_via_0951" time="0.379" /><testcase classname="backend.tests.test_chatting_via.TestChattingViaFeature" name="test_put_chatting_via_set_value" time="0.537" /><testcase classname="backend.tests.test_chatting_via.TestChattingViaFeature" name="test_put_chatting_via_clear_value" time="0.511" /><testcase classname="backend.tests.test_chatting_via.TestChattingViaFeature" name="test_put_chatting_via_invalid_lead_id" time="0.405" /><testcase classname="backend.tests.test_chatting_via.TestChattingViaFeature" name="test_put_chatting_via_requires_auth" time="0.437" /><testcase classname="backend.tests.test_chatting_via.TestChattingViaFeature" name="test_create_lead_with_chatting_via" time="0.435" /><testcase classname="backend.tests.test_chatting_via.TestChattingViaFeature" name="test_update_lead_with_chatting_via" time="0.530" /><testcase classname="backend.tests.test_chatting_via.TestChattingViaFeature" name="test_patch_lead_chatting_via" time="0.466" /><testcase classname="backend.tests.test_chatting_via.TestChattingViaTeamMemberAccess" name="test_team_member_can_filter_by_chatting_via" time="0.360" /></testsuite></testsuites>