<?xml version="1.0" encoding="utf-8"?><testsuites name="pytest tests"><testsuite name="pytest" errors="0" failures="0" skipped="0" tests="17" time="7.614" timestamp="2026-04-03T15:28:34.816681+00:00" hostname="agent-env-4538c462-2af7-4f9f-897b-6d1a1cbcd1b4"><testcase classname="backend.tests.test_new_features.TestTemplatesAPI" name="test_get_templates_returns_seeded_templates" time="0.470" /><testcase classname="backend.tests.test_new_features.TestTemplatesAPI" name="test_get_templates_requires_auth" time="0.111" /><testcase classname="backend.tests.test_new_features.TestTemplatesAPI" name="test_admin_can_create_template" time="0.514" /><testcase classname="backend.tests.test_new_features.TestTemplatesAPI" name="test_team_member_cannot_create_template" time="0.556" /><testcase classname="backend.tests.test_new_features.TestTemplatesAPI" name="test_admin_can_update_template" time="0.703" /><testcase classname="backend.tests.test_new_features.TestTemplatesAPI" name="test_admin_can_delete_template" time="0.519" /><testcase classname="backend.tests.test_new_features.TestTemplatesAPI" name="test_team_member_cannot_delete_template" time="0.885" /><testcase classname="backend.tests.test_new_features.TestCalendarAPI" name="test_get_calendar_events_current_month" time="0.402" /><testcase classname="backend.tests.test_new_features.TestCalendarAPI" name="test_get_calendar_events_specific_month" time="0.378" /><testcase classname="backend.tests.test_new_features.TestCalendarAPI" name="test_calendar_requires_auth" time="0.144" /><testcase classname="backend.tests.test_new_features.TestCalendarAPI" name="test_calendar_validates_month_range" time="0.598" /><testcase classname="backend.tests.test_new_features.TestRemindersAPI" name="test_get_reminders_returns_structure" time="0.428" /><testcase classname="backend.tests.test_new_features.TestRemindersAPI" name="test_reminders_requires_auth" time="0.109" /><testcase classname="backend.tests.test_new_features.TestRemindersAPI" name="test_reminders_lead_structure" time="0.442" /><testcase classname="backend.tests.test_new_features.TestTeamMemberAccess" name="test_team_member_can_view_templates" time="0.412" /><testcase classname="backend.tests.test_new_features.TestTeamMemberAccess" name="test_team_member_can_view_calendar" time="0.415" /><testcase classname="backend.tests.test_new_features.TestTeamMemberAccess" name="test_team_member_can_view_reminders" time="0.427" /></testsuite></testsuites>